

============================== 2023-02-05 19:00:08.175976 | a4440def-d2fb-44c4-b79c-f82f6559be13 ==============================
[0m19:00:08.175976 [info ] [MainThread]: Running with dbt=1.4.1
[0m19:00:08.176959 [debug] [MainThread]: running dbt with arguments {'write_json': True, 'use_colors': True, 'printer_width': 80, 'version_check': True, 'partial_parse': True, 'static_parser': True, 'profiles_dir': '/Users/divinee/.dbt', 'send_anonymous_usage_stats': True, 'quiet': False, 'no_print': False, 'cache_selected_only': False, 'config_dir': False, 'which': 'debug', 'indirect_selection': 'eager'}
[0m19:00:08.177059 [debug] [MainThread]: Tracking: tracking
[0m19:00:08.195732 [debug] [MainThread]: Sending event: {'category': 'dbt', 'action': 'invocation', 'label': 'start', 'context': [<snowplow_tracker.self_describing_json.SelfDescribingJson object at 0x104b474f0>, <snowplow_tracker.self_describing_json.SelfDescribingJson object at 0x104b4e790>, <snowplow_tracker.self_describing_json.SelfDescribingJson object at 0x104b0ddf0>]}
[0m19:00:08.202431 [warn ] [MainThread]: [[33mWARNING[0m]: Deprecated functionality
The `source-paths` config has been renamed to `model-paths`.Please update your
`dbt_project.yml` configuration to reflect this change.
[0m19:00:08.202643 [debug] [MainThread]: Sending event: {'category': 'dbt', 'action': 'deprecation', 'label': 'a4440def-d2fb-44c4-b79c-f82f6559be13', 'property_': 'warn', 'context': [<snowplow_tracker.self_describing_json.SelfDescribingJson object at 0x104bac700>]}
[0m19:00:08.202865 [warn ] [MainThread]: [[33mWARNING[0m]: Deprecated functionality
The `data-paths` config has been renamed to `seed-paths`.Please update your
`dbt_project.yml` configuration to reflect this change.
[0m19:00:08.202979 [debug] [MainThread]: Sending event: {'category': 'dbt', 'action': 'deprecation', 'label': 'a4440def-d2fb-44c4-b79c-f82f6559be13', 'property_': 'warn', 'context': [<snowplow_tracker.self_describing_json.SelfDescribingJson object at 0x104bac700>]}
[0m19:00:08.210989 [debug] [MainThread]: Executing "git --help"
[0m19:00:08.228808 [debug] [MainThread]: STDOUT: "b"usage: git [-v | --version] [-h | --help] [-C <path>] [-c <name>=<value>]\n           [--exec-path[=<path>]] [--html-path] [--man-path] [--info-path]\n           [-p | --paginate | -P | --no-pager] [--no-replace-objects] [--bare]\n           [--git-dir=<path>] [--work-tree=<path>] [--namespace=<name>]\n           [--super-prefix=<path>] [--config-env=<name>=<envvar>]\n           <command> [<args>]\n\nThese are common Git commands used in various situations:\n\nstart a working area (see also: git help tutorial)\n   clone     Clone a repository into a new directory\n   init      Create an empty Git repository or reinitialize an existing one\n\nwork on the current change (see also: git help everyday)\n   add       Add file contents to the index\n   mv        Move or rename a file, a directory, or a symlink\n   restore   Restore working tree files\n   rm        Remove files from the working tree and from the index\n\nexamine the history and state (see also: git help revisions)\n   bisect    Use binary search to find the commit that introduced a bug\n   diff      Show changes between commits, commit and working tree, etc\n   grep      Print lines matching a pattern\n   log       Show commit logs\n   show      Show various types of objects\n   status    Show the working tree status\n\ngrow, mark and tweak your common history\n   branch    List, create, or delete branches\n   commit    Record changes to the repository\n   merge     Join two or more development histories together\n   rebase    Reapply commits on top of another base tip\n   reset     Reset current HEAD to the specified state\n   switch    Switch branches\n   tag       Create, list, delete or verify a tag object signed with GPG\n\ncollaborate (see also: git help workflows)\n   fetch     Download objects and refs from another repository\n   pull      Fetch from and integrate with another repository or a local branch\n   push      Update remote refs along with associated objects\n\n'git help -a' and 'git help -g' list available subcommands and some\nconcept guides. See 'git help <command>' or 'git help <concept>'\nto read about a specific subcommand or concept.\nSee 'git help git' for an overview of the system.\n""
[0m19:00:08.229182 [debug] [MainThread]: STDERR: "b''"
[0m19:00:08.229472 [debug] [MainThread]: Sending event: {'category': 'dbt', 'action': 'invocation', 'label': 'end', 'context': [<snowplow_tracker.self_describing_json.SelfDescribingJson object at 0x104b2a340>, <snowplow_tracker.self_describing_json.SelfDescribingJson object at 0x104bacbe0>, <snowplow_tracker.self_describing_json.SelfDescribingJson object at 0x104ba5d00>]}
[0m19:00:08.229702 [debug] [MainThread]: Flushing usage events


============================== 2023-02-05 19:00:54.760598 | 3fc8dd9e-44d8-48f9-879d-93caaafb8303 ==============================
[0m19:00:54.760598 [info ] [MainThread]: Running with dbt=1.4.1
[0m19:00:54.761417 [debug] [MainThread]: running dbt with arguments {'write_json': True, 'use_colors': True, 'printer_width': 80, 'version_check': True, 'partial_parse': True, 'static_parser': True, 'profiles_dir': '/Users/divinee/.dbt', 'send_anonymous_usage_stats': True, 'quiet': False, 'no_print': False, 'cache_selected_only': False, 'config_dir': False, 'which': 'debug', 'indirect_selection': 'eager'}
[0m19:00:54.761523 [debug] [MainThread]: Tracking: tracking
[0m19:00:54.774422 [debug] [MainThread]: Sending event: {'category': 'dbt', 'action': 'invocation', 'label': 'start', 'context': [<snowplow_tracker.self_describing_json.SelfDescribingJson object at 0x110e135e0>, <snowplow_tracker.self_describing_json.SelfDescribingJson object at 0x110e1ad00>, <snowplow_tracker.self_describing_json.SelfDescribingJson object at 0x110beadc0>]}
[0m19:00:54.780511 [warn ] [MainThread]: [[33mWARNING[0m]: Deprecated functionality
The `source-paths` config has been renamed to `model-paths`.Please update your
`dbt_project.yml` configuration to reflect this change.
[0m19:00:54.780723 [debug] [MainThread]: Sending event: {'category': 'dbt', 'action': 'deprecation', 'label': '3fc8dd9e-44d8-48f9-879d-93caaafb8303', 'property_': 'warn', 'context': [<snowplow_tracker.self_describing_json.SelfDescribingJson object at 0x110e786a0>]}
[0m19:00:54.780957 [warn ] [MainThread]: [[33mWARNING[0m]: Deprecated functionality
The `data-paths` config has been renamed to `seed-paths`.Please update your
`dbt_project.yml` configuration to reflect this change.
[0m19:00:54.781076 [debug] [MainThread]: Sending event: {'category': 'dbt', 'action': 'deprecation', 'label': '3fc8dd9e-44d8-48f9-879d-93caaafb8303', 'property_': 'warn', 'context': [<snowplow_tracker.self_describing_json.SelfDescribingJson object at 0x110e786a0>]}
[0m19:00:54.789007 [debug] [MainThread]: Executing "git --help"
[0m19:00:54.798477 [debug] [MainThread]: STDOUT: "b"usage: git [-v | --version] [-h | --help] [-C <path>] [-c <name>=<value>]\n           [--exec-path[=<path>]] [--html-path] [--man-path] [--info-path]\n           [-p | --paginate | -P | --no-pager] [--no-replace-objects] [--bare]\n           [--git-dir=<path>] [--work-tree=<path>] [--namespace=<name>]\n           [--super-prefix=<path>] [--config-env=<name>=<envvar>]\n           <command> [<args>]\n\nThese are common Git commands used in various situations:\n\nstart a working area (see also: git help tutorial)\n   clone     Clone a repository into a new directory\n   init      Create an empty Git repository or reinitialize an existing one\n\nwork on the current change (see also: git help everyday)\n   add       Add file contents to the index\n   mv        Move or rename a file, a directory, or a symlink\n   restore   Restore working tree files\n   rm        Remove files from the working tree and from the index\n\nexamine the history and state (see also: git help revisions)\n   bisect    Use binary search to find the commit that introduced a bug\n   diff      Show changes between commits, commit and working tree, etc\n   grep      Print lines matching a pattern\n   log       Show commit logs\n   show      Show various types of objects\n   status    Show the working tree status\n\ngrow, mark and tweak your common history\n   branch    List, create, or delete branches\n   commit    Record changes to the repository\n   merge     Join two or more development histories together\n   rebase    Reapply commits on top of another base tip\n   reset     Reset current HEAD to the specified state\n   switch    Switch branches\n   tag       Create, list, delete or verify a tag object signed with GPG\n\ncollaborate (see also: git help workflows)\n   fetch     Download objects and refs from another repository\n   pull      Fetch from and integrate with another repository or a local branch\n   push      Update remote refs along with associated objects\n\n'git help -a' and 'git help -g' list available subcommands and some\nconcept guides. See 'git help <command>' or 'git help <concept>'\nto read about a specific subcommand or concept.\nSee 'git help git' for an overview of the system.\n""
[0m19:00:54.798835 [debug] [MainThread]: STDERR: "b''"
[0m19:00:54.799132 [debug] [MainThread]: Sending event: {'category': 'dbt', 'action': 'invocation', 'label': 'end', 'context': [<snowplow_tracker.self_describing_json.SelfDescribingJson object at 0x110bead30>, <snowplow_tracker.self_describing_json.SelfDescribingJson object at 0x110e78be0>, <snowplow_tracker.self_describing_json.SelfDescribingJson object at 0x110e71460>]}
[0m19:00:54.799408 [debug] [MainThread]: Flushing usage events


============================== 2023-02-05 19:02:03.708996 | 13076dcc-794e-4515-a886-a67003f3a7b6 ==============================
[0m19:02:03.708996 [info ] [MainThread]: Running with dbt=1.4.1
[0m19:02:03.709712 [debug] [MainThread]: running dbt with arguments {'write_json': True, 'use_colors': True, 'printer_width': 80, 'version_check': True, 'partial_parse': True, 'static_parser': True, 'profiles_dir': '/Users/divinee/Documents/local_dev/personal/modern-data-stack-demo-dbt', 'send_anonymous_usage_stats': True, 'quiet': False, 'no_print': False, 'cache_selected_only': False, 'config_dir': False, 'which': 'debug', 'indirect_selection': 'eager'}
[0m19:02:03.709804 [debug] [MainThread]: Tracking: tracking
[0m19:02:03.719306 [debug] [MainThread]: Sending event: {'category': 'dbt', 'action': 'invocation', 'label': 'start', 'context': [<snowplow_tracker.self_describing_json.SelfDescribingJson object at 0x120053250>, <snowplow_tracker.self_describing_json.SelfDescribingJson object at 0x120036b80>, <snowplow_tracker.self_describing_json.SelfDescribingJson object at 0x12005a2e0>]}
[0m19:02:09.434484 [warn ] [MainThread]: [[33mWARNING[0m]: Deprecated functionality
The `source-paths` config has been renamed to `model-paths`.Please update your
`dbt_project.yml` configuration to reflect this change.
[0m19:02:09.434893 [debug] [MainThread]: Sending event: {'category': 'dbt', 'action': 'deprecation', 'label': '13076dcc-794e-4515-a886-a67003f3a7b6', 'property_': 'warn', 'context': [<snowplow_tracker.self_describing_json.SelfDescribingJson object at 0x121763280>]}
[0m19:02:09.435173 [warn ] [MainThread]: [[33mWARNING[0m]: Deprecated functionality
The `data-paths` config has been renamed to `seed-paths`.Please update your
`dbt_project.yml` configuration to reflect this change.
[0m19:02:09.435300 [debug] [MainThread]: Sending event: {'category': 'dbt', 'action': 'deprecation', 'label': '13076dcc-794e-4515-a886-a67003f3a7b6', 'property_': 'warn', 'context': [<snowplow_tracker.self_describing_json.SelfDescribingJson object at 0x121763280>]}
[0m19:02:09.442504 [debug] [MainThread]: Executing "git --help"
[0m19:02:09.452283 [debug] [MainThread]: STDOUT: "b"usage: git [-v | --version] [-h | --help] [-C <path>] [-c <name>=<value>]\n           [--exec-path[=<path>]] [--html-path] [--man-path] [--info-path]\n           [-p | --paginate | -P | --no-pager] [--no-replace-objects] [--bare]\n           [--git-dir=<path>] [--work-tree=<path>] [--namespace=<name>]\n           [--super-prefix=<path>] [--config-env=<name>=<envvar>]\n           <command> [<args>]\n\nThese are common Git commands used in various situations:\n\nstart a working area (see also: git help tutorial)\n   clone     Clone a repository into a new directory\n   init      Create an empty Git repository or reinitialize an existing one\n\nwork on the current change (see also: git help everyday)\n   add       Add file contents to the index\n   mv        Move or rename a file, a directory, or a symlink\n   restore   Restore working tree files\n   rm        Remove files from the working tree and from the index\n\nexamine the history and state (see also: git help revisions)\n   bisect    Use binary search to find the commit that introduced a bug\n   diff      Show changes between commits, commit and working tree, etc\n   grep      Print lines matching a pattern\n   log       Show commit logs\n   show      Show various types of objects\n   status    Show the working tree status\n\ngrow, mark and tweak your common history\n   branch    List, create, or delete branches\n   commit    Record changes to the repository\n   merge     Join two or more development histories together\n   rebase    Reapply commits on top of another base tip\n   reset     Reset current HEAD to the specified state\n   switch    Switch branches\n   tag       Create, list, delete or verify a tag object signed with GPG\n\ncollaborate (see also: git help workflows)\n   fetch     Download objects and refs from another repository\n   pull      Fetch from and integrate with another repository or a local branch\n   push      Update remote refs along with associated objects\n\n'git help -a' and 'git help -g' list available subcommands and some\nconcept guides. See 'git help <command>' or 'git help <concept>'\nto read about a specific subcommand or concept.\nSee 'git help git' for an overview of the system.\n""
[0m19:02:09.452710 [debug] [MainThread]: STDERR: "b''"
[0m19:02:09.458189 [debug] [MainThread]: Acquiring new bigquery connection 'debug'
[0m19:02:09.458607 [debug] [MainThread]: Opening a new connection, currently in state init
[0m19:02:09.459146 [debug] [MainThread]: BigQuery adapter: Got an error when attempting to create a bigquery client: '[Errno 2] No such file or directory: '/Users/divinee/Downloads/keyfiles/decent-slice-bq-write''
[0m19:02:09.459580 [debug] [MainThread]: Sending event: {'category': 'dbt', 'action': 'invocation', 'label': 'end', 'context': [<snowplow_tracker.self_describing_json.SelfDescribingJson object at 0x12177a6a0>, <snowplow_tracker.self_describing_json.SelfDescribingJson object at 0x12177ae80>, <snowplow_tracker.self_describing_json.SelfDescribingJson object at 0x12177a970>]}
[0m19:02:09.459870 [debug] [MainThread]: Flushing usage events
[0m19:02:14.712445 [debug] [MainThread]: Connection 'debug' was properly closed.


============================== 2023-02-05 19:02:56.699575 | 710876c4-73e5-4d4b-8842-05f44f4bc315 ==============================
[0m19:02:56.699575 [info ] [MainThread]: Running with dbt=1.4.1
[0m19:02:56.700533 [debug] [MainThread]: running dbt with arguments {'write_json': True, 'use_colors': True, 'printer_width': 80, 'version_check': True, 'partial_parse': True, 'static_parser': True, 'profiles_dir': '/Users/divinee/Documents/local_dev/personal/modern-data-stack-demo-dbt', 'send_anonymous_usage_stats': True, 'quiet': False, 'no_print': False, 'cache_selected_only': False, 'config_dir': False, 'which': 'debug', 'indirect_selection': 'eager'}
[0m19:02:56.700627 [debug] [MainThread]: Tracking: tracking
[0m19:02:56.711333 [debug] [MainThread]: Sending event: {'category': 'dbt', 'action': 'invocation', 'label': 'start', 'context': [<snowplow_tracker.self_describing_json.SelfDescribingJson object at 0x108f074f0>, <snowplow_tracker.self_describing_json.SelfDescribingJson object at 0x108f0e790>, <snowplow_tracker.self_describing_json.SelfDescribingJson object at 0x108f135b0>]}
[0m19:02:57.036256 [warn ] [MainThread]: [[33mWARNING[0m]: Deprecated functionality
The `source-paths` config has been renamed to `model-paths`.Please update your
`dbt_project.yml` configuration to reflect this change.
[0m19:02:57.036462 [debug] [MainThread]: Sending event: {'category': 'dbt', 'action': 'deprecation', 'label': '710876c4-73e5-4d4b-8842-05f44f4bc315', 'property_': 'warn', 'context': [<snowplow_tracker.self_describing_json.SelfDescribingJson object at 0x10a532280>]}
[0m19:02:57.036677 [warn ] [MainThread]: [[33mWARNING[0m]: Deprecated functionality
The `data-paths` config has been renamed to `seed-paths`.Please update your
`dbt_project.yml` configuration to reflect this change.
[0m19:02:57.036783 [debug] [MainThread]: Sending event: {'category': 'dbt', 'action': 'deprecation', 'label': '710876c4-73e5-4d4b-8842-05f44f4bc315', 'property_': 'warn', 'context': [<snowplow_tracker.self_describing_json.SelfDescribingJson object at 0x10a532280>]}
[0m19:02:57.043964 [debug] [MainThread]: Executing "git --help"
[0m19:02:57.053893 [debug] [MainThread]: STDOUT: "b"usage: git [-v | --version] [-h | --help] [-C <path>] [-c <name>=<value>]\n           [--exec-path[=<path>]] [--html-path] [--man-path] [--info-path]\n           [-p | --paginate | -P | --no-pager] [--no-replace-objects] [--bare]\n           [--git-dir=<path>] [--work-tree=<path>] [--namespace=<name>]\n           [--super-prefix=<path>] [--config-env=<name>=<envvar>]\n           <command> [<args>]\n\nThese are common Git commands used in various situations:\n\nstart a working area (see also: git help tutorial)\n   clone     Clone a repository into a new directory\n   init      Create an empty Git repository or reinitialize an existing one\n\nwork on the current change (see also: git help everyday)\n   add       Add file contents to the index\n   mv        Move or rename a file, a directory, or a symlink\n   restore   Restore working tree files\n   rm        Remove files from the working tree and from the index\n\nexamine the history and state (see also: git help revisions)\n   bisect    Use binary search to find the commit that introduced a bug\n   diff      Show changes between commits, commit and working tree, etc\n   grep      Print lines matching a pattern\n   log       Show commit logs\n   show      Show various types of objects\n   status    Show the working tree status\n\ngrow, mark and tweak your common history\n   branch    List, create, or delete branches\n   commit    Record changes to the repository\n   merge     Join two or more development histories together\n   rebase    Reapply commits on top of another base tip\n   reset     Reset current HEAD to the specified state\n   switch    Switch branches\n   tag       Create, list, delete or verify a tag object signed with GPG\n\ncollaborate (see also: git help workflows)\n   fetch     Download objects and refs from another repository\n   pull      Fetch from and integrate with another repository or a local branch\n   push      Update remote refs along with associated objects\n\n'git help -a' and 'git help -g' list available subcommands and some\nconcept guides. See 'git help <command>' or 'git help <concept>'\nto read about a specific subcommand or concept.\nSee 'git help git' for an overview of the system.\n""
[0m19:02:57.054313 [debug] [MainThread]: STDERR: "b''"
[0m19:02:57.059586 [debug] [MainThread]: Acquiring new bigquery connection 'debug'
[0m19:02:57.060007 [debug] [MainThread]: Opening a new connection, currently in state init
[0m19:02:57.062159 [debug] [MainThread]: On debug: select 1 as id
[0m19:03:13.060022 [debug] [MainThread]: BigQuery adapter: https://console.cloud.google.com/bigquery?project=decent-slice-363510&j=bq:US:0ba17962-5254-4ea9-9ddb-0b19a965a4b4&page=queryresults
[0m19:03:13.063055 [debug] [MainThread]: Sending event: {'category': 'dbt', 'action': 'invocation', 'label': 'end', 'context': [<snowplow_tracker.self_describing_json.SelfDescribingJson object at 0x106c75160>, <snowplow_tracker.self_describing_json.SelfDescribingJson object at 0x10a500c70>, <snowplow_tracker.self_describing_json.SelfDescribingJson object at 0x10a53f6a0>]}
[0m19:03:13.063559 [debug] [MainThread]: Flushing usage events
[0m19:03:16.613480 [debug] [MainThread]: Connection 'debug' was properly closed.
